C51 COMPILER V9.60.7.0   KEY                                                               08/01/2023 10:32:00 PAGE 1   


C51 COMPILER V9.60.7.0, COMPILATION OF MODULE KEY
OBJECT MODULE PLACED IN .\Objects\Key.obj
COMPILER INVOKED BY: D:\Keil5\C51\BIN\C51.EXE Key.c OPTIMIZE(8,SPEED) BROWSE DEBUG OBJECTEXTEND PRINT(.\Listings\Key.lst
                    -) OBJECT(.\Objects\Key.obj)

line level    source

   1          #include <REGX52.H>
   2          #include "Delay.h"
   3          /*
   4                  Þô¼ü
   5          
   6          */
   7          unsigned char Key(void)
   8          {
   9   1              unsigned char KeyNumber = 0;
  10   1              
  11   1              if(P3_1 == 0)
  12   1              {
  13   2                      Delay20ms();
  14   2                      while(P3_1 == 0);
  15   2                      Delay20ms();
  16   2                      KeyNumber = 1;
  17   2              }
  18   1              if(P3_0 == 0)
  19   1              {
  20   2                      Delay20ms();
  21   2                      while(P3_0 == 0);
  22   2                      Delay20ms();
  23   2                      KeyNumber = 2;
  24   2              }
  25   1              if(P3_2 == 0)
  26   1              {
  27   2                      Delay20ms();
  28   2                      while(P3_2 == 0);
  29   2                      Delay20ms();
  30   2                      KeyNumber = 3;
  31   2              }
  32   1              if(P3_3 == 0)
  33   1              {
  34   2                      Delay20ms();
  35   2                      while(P3_3 == 0);
  36   2                      Delay20ms();
  37   2                      KeyNumber = 4;
  38   2              }
  39   1              
  40   1              
  41   1              
  42   1              return KeyNumber;
  43   1      }


MODULE INFORMATION:   STATIC OVERLAYABLE
   CODE SIZE        =     66    ----
   CONSTANT SIZE    =   ----    ----
   XDATA SIZE       =   ----    ----
   PDATA SIZE       =   ----    ----
   DATA SIZE        =   ----       1
   IDATA SIZE       =   ----    ----
   BIT SIZE         =   ----    ----
END OF MODULE INFORMATION.

C51 COMPILER V9.60.7.0   KEY                                                               08/01/2023 10:32:00 PAGE 2   


C51 COMPILATION COMPLETE.  0 WARNING(S),  0 ERROR(S)
