C51 COMPILER V9.60.7.0   MATRIXLED                                                         08/01/2023 10:32:00 PAGE 1   


C51 COMPILER V9.60.7.0, COMPILATION OF MODULE MATRIXLED
OBJECT MODULE PLACED IN .\Objects\MatrixLED.obj
COMPILER INVOKED BY: D:\Keil5\C51\BIN\C51.EXE MatrixLED.c OPTIMIZE(8,SPEED) BROWSE DEBUG OBJECTEXTEND PRINT(.\Listings\M
                    -atrixLED.lst) OBJECT(.\Objects\MatrixLED.obj)

line level    source

   1          #include <REGX52.H>
   2          #include "Delay.h"
   3          
   4          sbit RCK = P3^5;
   5          sbit SCK = P3^6;
   6          sbit SER = P3^4;
   7          
   8          void _74HC595_WriteByte(unsigned char Byte)
   9          {
  10   1              unsigned char i;
  11   1              for(i = 0; i < 8; i++)
  12   1              {
  13   2                      SER = Byte&(0x80 >> i);
  14   2                      SCK = 1;
  15   2                      SCK = 0;
  16   2              }
  17   1              RCK = 1;
  18   1              RCK = 0;
  19   1      }
  20          
  21          void MatrixLED_Init()
  22          {
  23   1              SCK = 0;
  24   1              RCK = 0;
  25   1      }
  26          
  27          void MatrixLED_ShowColomn(unsigned char column, Data)
  28          {
  29   1              _74HC595_WriteByte(Data);
  30   1              P0 = ~(0x80 >> column);
  31   1              Delay(1);
  32   1              P0 = 0xFF;
  33   1      }


MODULE INFORMATION:   STATIC OVERLAYABLE
   CODE SIZE        =     82    ----
   CONSTANT SIZE    =   ----    ----
   XDATA SIZE       =   ----    ----
   PDATA SIZE       =   ----    ----
   DATA SIZE        =   ----    ----
   IDATA SIZE       =   ----    ----
   BIT SIZE         =   ----    ----
END OF MODULE INFORMATION.


C51 COMPILATION COMPLETE.  0 WARNING(S),  0 ERROR(S)
