C51 COMPILER V9.60.7.0   MAIN                                                              07/27/2023 20:28:47 PAGE 1   


C51 COMPILER V9.60.7.0, COMPILATION OF MODULE MAIN
OBJECT MODULE PLACED IN .\Objects\main.obj
COMPILER INVOKED BY: D:\Keil5\C51\BIN\C51.EXE main.c OPTIMIZE(8,SPEED) BROWSE DEBUG OBJECTEXTEND PRINT(.\Listings\main.l
                    -st) OBJECT(.\Objects\main.obj)

line level    source

   1          #include "Timer0.h"
   2          #include "lcd1602.h"
   3          #include <REGX51.H>
   4          #include "Key.h"
   5          #include "showTime.h"
   6          #define KEY_DEF 0
   7          #define MOVE 0
   8          #define SUSPEND 1
   9          #define RESUME 2
  10          #define RESET 3
  11          typedef struct _TimeBuf_{
  12                  unsigned char second;
  13                  unsigned char minute;
  14                  unsigned char hours;
  15                  unsigned char isSupposeTerminate; 
  16          }TimeBuf;
  17          
  18          TimeBuf time = {0, 0, 0, 0};
  19          
  20          static unsigned char keyNum = KEY_DEF;
  21          
  22          void main()
  23          {
  24   1              
  25   1              Timer0_Init();
  26   1              LCD_Init();
  27   1              
  28   1              LCD_ShowString(1,1,"Timer HERE");
  29   1              LCD_ShowString(2,1,"  :  :  ");
  30   1              while(1){
  31   2                      keyNum = Key();
  32   2                      switch(keyNum)
  33   2                      {
  34   3                              case SUSPEND:
  35   3                                      time.isSupposeTerminate = 1;
  36   3                              break;
  37   3                              case RESUME:
  38   3                                      time.isSupposeTerminate = 0;
  39   3                              break;
  40   3                              case RESET:
  41   3                                      time.second = 0;
  42   3                                      time.hours = 0;
  43   3                                      time.minute = 0;
  44   3                              case MOVE:  // fall through in C++
  45   3                              default:
  46   3                                      showTime(time.second, time.minute, time.hours);
  47   3                                      
  48   3                                      break;
  49   3                      
  50   3                      }
  51   2              }
  52   1      }
  53          
  54          void timer0_Routine() interrupt 1
C51 COMPILER V9.60.7.0   MAIN                                                              07/27/2023 20:28:47 PAGE 2   

  55          {
  56   1              static unsigned int T0Count;
  57   1              /* 触发了中断，现在需要重新设置寄存器的值让他可以再次循环 */
  58   1              TL0 = 0x18;                             //设置定时初始值
  59   1              TH0 = 0xFC;                             //设置定时初始值
  60   1              T0Count++;
  61   1              if(T0Count >= 1000)
  62   1              {
  63   2                      
  64   2                      T0Count = 0;
  65   2                      if(time.isSupposeTerminate == 1)
  66   2                      {
  67   3                              return;
  68   3                      }
  69   2                      time.second++;
  70   2                      if(time.second >= 60)
  71   2                      {
  72   3                              time.second = 0;
  73   3                              time.minute++;
  74   3                              if(time.minute >= 60)
  75   3                              {
  76   4                                      time.minute = 0;
  77   4                                      time.hours++;
  78   4                                      if(time.hours >=24)
  79   4                                      {
  80   5                                              time.hours = 0;
  81   5                                      }
  82   4                              }
  83   3                      }
  84   2              }
  85   1      }


MODULE INFORMATION:   STATIC OVERLAYABLE
   CODE SIZE        =    155    ----
   CONSTANT SIZE    =     20    ----
   XDATA SIZE       =   ----    ----
   PDATA SIZE       =   ----    ----
   DATA SIZE        =      7    ----
   IDATA SIZE       =   ----    ----
   BIT SIZE         =   ----    ----
END OF MODULE INFORMATION.


C51 COMPILATION COMPLETE.  0 WARNING(S),  0 ERROR(S)
