C51 COMPILER V9.60.7.0   SHOWTIME                                                          07/27/2023 20:28:47 PAGE 1   


C51 COMPILER V9.60.7.0, COMPILATION OF MODULE SHOWTIME
OBJECT MODULE PLACED IN .\Objects\showTime.obj
COMPILER INVOKED BY: D:\Keil5\C51\BIN\C51.EXE showTime.c OPTIMIZE(8,SPEED) BROWSE DEBUG OBJECTEXTEND PRINT(.\Listings\sh
                    -owTime.lst) OBJECT(.\Objects\showTime.obj)

line level    source

   1          #include "lcd1602.h"
   2          
   3          void showTime(unsigned char second, unsigned char minute, unsigned char hours)
   4          {
   5   1              LCD_ShowNum(2,1,hours,2);
   6   1              LCD_ShowNum(2,4,minute,2);
   7   1              LCD_ShowNum(2,7,second,2);
   8   1      }


MODULE INFORMATION:   STATIC OVERLAYABLE
   CODE SIZE        =     47    ----
   CONSTANT SIZE    =   ----    ----
   XDATA SIZE       =   ----    ----
   PDATA SIZE       =   ----    ----
   DATA SIZE        =   ----       2
   IDATA SIZE       =   ----    ----
   BIT SIZE         =   ----    ----
END OF MODULE INFORMATION.


C51 COMPILATION COMPLETE.  0 WARNING(S),  0 ERROR(S)
