C51 COMPILER V9.60.7.0   TIMER0                                                            07/27/2023 20:28:47 PAGE 1   


C51 COMPILER V9.60.7.0, COMPILATION OF MODULE TIMER0
OBJECT MODULE PLACED IN .\Objects\Timer0.obj
COMPILER INVOKED BY: D:\Keil5\C51\BIN\C51.EXE Timer0.c OPTIMIZE(8,SPEED) BROWSE DEBUG OBJECTEXTEND PRINT(.\Listings\Time
                    -r0.lst) OBJECT(.\Objects\Timer0.obj)

line level    source

   1          #include <REGX52.H>
   2          
   3          
   4          void Timer0_Init(void)          //1毫秒@11.0592MHz
   5          {
   6   1              TMOD &= 0xF0;           //设置定时器模式
   7   1              TMOD |= 0x01;           //设置定时器模式
   8   1              TL0 = 0x18;             //设置定时初值
   9   1              TH0 = 0xFC;             //设置定时初值
  10   1              TF0 = 0;                //清除TF0标志
  11   1              TR0 = 1;                //定时器0开始计时
  12   1              ET0=1;
  13   1              EA=1;
  14   1              PT0=0;
  15   1      }
  16          
  17          
  18          
  19          
  20          // 中断模板
  21          
  22          //void timer0_Routine() interrupt 1
  23          //{
  24          //      /* 触发了中断，现在需要重新设置寄存器的值让他可以再次循环 */
  25          //      TH0             = 64535 / 256;  // 取高位，教程这里使用除法，其实，对于二的整数次幂不妨考虑移位
  26          //      TL0             = 54535 % 256;  // 取低位
  27          //      T0Count++;
  28          //      if(T0Count >= 1000)
  29          //      {
  30          //              T0Count = 0;
  31          //              P2_0 = ~P2_0;           // 让状态取反
  32          //      }
  33          //      
  34          //      
  35          //}


MODULE INFORMATION:   STATIC OVERLAYABLE
   CODE SIZE        =     23    ----
   CONSTANT SIZE    =   ----    ----
   XDATA SIZE       =   ----    ----
   PDATA SIZE       =   ----    ----
   DATA SIZE        =   ----    ----
   IDATA SIZE       =   ----    ----
   BIT SIZE         =   ----    ----
END OF MODULE INFORMATION.


C51 COMPILATION COMPLETE.  0 WARNING(S),  0 ERROR(S)
