C51 COMPILER V9.60.7.0   DELAY                                                             10/09/2023 21:48:15 PAGE 1   


C51 COMPILER V9.60.7.0, COMPILATION OF MODULE DELAY
OBJECT MODULE PLACED IN .\Objects\delay.obj
COMPILER INVOKED BY: D:\Keil5\C51\BIN\C51.EXE ..\1\delay.c OPTIMIZE(8,SPEED) BROWSE DEBUG OBJECTEXTEND PRINT(.\Listings\
                    -delay.lst) OBJECT(.\Objects\delay.obj)

line level    source

   1          void Delay1ms(unsigned int times)               //@11.0592MHz
   2          {
   3   1              int i;
   4   1              for(i = 0; i < times; i++)
   5   1              {
   6   2                      unsigned char i, j;
   7   2      
   8   2                      i = 15;
   9   2                      j = 90;
  10   2                      do
  11   2                      {
  12   3                              while (--j);
  13   3                      } while (--i);
  14   2              }
  15   1      }
  16          
  17          void Delay10mus(unsigned int times)             //@11.0592MHz
  18          {
  19   1              int i;
  20   1              for(i = 0; i < times; i++)
  21   1              {               
  22   2                      unsigned char i;
  23   2      
  24   2                      i = 25;
  25   2                      while (--i);
  26   2              }
  27   1      
  28   1      }


MODULE INFORMATION:   STATIC OVERLAYABLE
   CODE SIZE        =     54    ----
   CONSTANT SIZE    =   ----    ----
   XDATA SIZE       =   ----    ----
   PDATA SIZE       =   ----    ----
   DATA SIZE        =   ----       3
   IDATA SIZE       =   ----    ----
   BIT SIZE         =   ----    ----
END OF MODULE INFORMATION.


C51 COMPILATION COMPLETE.  0 WARNING(S),  0 ERROR(S)
