C51 COMPILER V9.60.7.0   KEY                                                               10/09/2023 21:48:15 PAGE 1   


C51 COMPILER V9.60.7.0, COMPILATION OF MODULE KEY
OBJECT MODULE PLACED IN .\Objects\key.obj
COMPILER INVOKED BY: D:\Keil5\C51\BIN\C51.EXE key.c OPTIMIZE(8,SPEED) BROWSE DEBUG OBJECTEXTEND PRINT(.\Listings\key.lst
                    -) OBJECT(.\Objects\key.obj)

line level    source

   1          #include "key.h"
   2          static PressedKey pressedKey = KeyUnPressed;
   3          /************************************************************************************
   4           * Micros Of the Function Related
   5           *************************************************************************************/
   6          #define DetailedKeyEvent(WhatKey, Event)                                        if(IsKeyPressed(WhatKey)) Event
   7          #define ReturnPressedKeyModule(WhatKey,ReturnKeyDescriptor) if(IsKeyPressed(WhatKey)) return ReturnKeyDesc
             -riptor;
   8          #define ReturnNoKeyPressed                                                                      return KeyUnPressed
   9          #define ReturnLastKey                                                                           return pressedKey
  10          
  11          /************************************************************************************
  12           * Function:            KeyScanner; 
  13           * Descriptions:        Scanner with Mode certifications
  14           * Parameters:          char shallDetect
  15           *                                      KeyDetectedMode detectMode
  16           *************************************************************************************/
  17          PressedKey KeyScanner(char shallDetect, KeyDetectedMode detectMode)
  18          {
  19   1              if(shallDetect) // Allowed monitoring KeyPressEvent
  20   1              {
  21   2                      
  22   2                      ReturnPressedKeyModule(Key1, Key1Pressed);
  23   2                      ReturnPressedKeyModule(Key2, Key2Pressed);
  24   2                      ReturnPressedKeyModule(Key3, Key3Pressed);
  25   2                      ReturnPressedKeyModule(Key4, Key4Pressed);
  26   2                      // Add More Module here if there are more Keys
  27   2                      if(detectMode == KeyConstantlyDetected)
  28   2                      {       
  29   3                              ReturnLastKey;
  30   3                      }
  31   2                      else
  32   2                      {
  33   3                              ReturnNoKeyPressed;
  34   3                      }
  35   2              }
  36   1              else 
  37   1              {
  38   2                      return KeyPressCheckerClosed;
  39   2              }               
  40   1       }


MODULE INFORMATION:   STATIC OVERLAYABLE
   CODE SIZE        =     39    ----
   CONSTANT SIZE    =   ----    ----
   XDATA SIZE       =   ----    ----
   PDATA SIZE       =   ----    ----
   DATA SIZE        =      1    ----
   IDATA SIZE       =   ----    ----
   BIT SIZE         =   ----    ----
END OF MODULE INFORMATION.


C51 COMPILATION COMPLETE.  0 WARNING(S),  0 ERROR(S)
