C51 COMPILER V9.60.7.0   KEYEVENT                                                          10/09/2023 21:48:15 PAGE 1   


C51 COMPILER V9.60.7.0, COMPILATION OF MODULE KEYEVENT
OBJECT MODULE PLACED IN .\Objects\KeyEvent.obj
COMPILER INVOKED BY: D:\Keil5\C51\BIN\C51.EXE KeyEvent.c OPTIMIZE(8,SPEED) BROWSE DEBUG OBJECTEXTEND PRINT(.\Listings\Ke
                    -yEvent.lst) OBJECT(.\Objects\KeyEvent.obj)

line level    source

   1          #include "KeyEvent.h"
   2          #include "beep.h"
   3          void KeyEventReactor(struct Player* player, PressedKey key)
   4          {
   5   1              switch(key)
   6   1              {
   7   2                      case Key1Pressed:
   8   2                              moveUp(player);
   9   2                              break;
  10   2                      case Key2Pressed:
  11   2                              moveDown(player);
  12   2                              break;
  13   2                      case Key3Pressed:
  14   2                              moveLeft(player);
  15   2                              break;
  16   2                      case Key4Pressed:
  17   2                              moveRight(player);
  18   2                              break;
  19   2                      default:
  20   2                              break;
  21   2              }
  22   1              
  23   1              
  24   1      }
  25          
  26          MenuChoice KeyEvent_GameMenuSelect(PressedKey key)
  27          {
  28   1              switch(key)
  29   1              {
  30   2                      case Key1Pressed:
  31   2                              return Continue; 
  32   2                      case Key2Pressed:
  33   2                              return BackToMainMenu;
  34   2                      case Key3Pressed:
  35   2                              return MODIFY_SPEED;
  36   2                      case Key4Pressed:
  37   2                              return MODIFY_DIFFICULTY;
  38   2                      default:
  39   2                              return Unknown;
  40   2              }
  41   1      }


MODULE INFORMATION:   STATIC OVERLAYABLE
   CODE SIZE        =     86    ----
   CONSTANT SIZE    =   ----    ----
   XDATA SIZE       =   ----    ----
   PDATA SIZE       =   ----    ----
   DATA SIZE        =   ----       3
   IDATA SIZE       =   ----    ----
   BIT SIZE         =   ----    ----
END OF MODULE INFORMATION.


C51 COMPILATION COMPLETE.  0 WARNING(S),  0 ERROR(S)
