C51 COMPILER V9.60.7.0   LEDMAT                                                            10/09/2023 21:48:15 PAGE 1   


C51 COMPILER V9.60.7.0, COMPILATION OF MODULE LEDMAT
OBJECT MODULE PLACED IN .\Objects\LEDMat.obj
COMPILER INVOKED BY: D:\Keil5\C51\BIN\C51.EXE LEDMat.c OPTIMIZE(8,SPEED) BROWSE DEBUG OBJECTEXTEND PRINT(.\Listings\LEDM
                    -at.lst) OBJECT(.\Objects\LEDMat.obj)

line level    source

   1          #include "LEDMat.h"
   2          #include "Utilitys.h"
   3          /**
   4            * @brief  写列数据
   5            * @param  无
   6            * @retval 无
   7            */
   8          void writeBytes(unsigned char Byte)
   9          {
  10   1              unsigned char i;
  11   1              for(i=0;i<8;i++)
  12   1              {
  13   2                      SER=Byte&(0x80>>i);
  14   2                      SCK=1;
  15   2                      SCK=0;
  16   2              }
  17   1              RCK=1;
  18   1              RCK=0;
  19   1      }
  20          
  21          /**
  22            * @brief  点阵屏初始化
  23            * @param  无
  24            * @retval 无
  25            */
  26          void MatrixLED_Init()
  27          {
  28   1              SCK=0;
  29   1              RCK=0;
  30   1      }
  31          
  32          /**
  33            * @brief  列显示
  34            * @param  无
  35            * @retval 无
  36            */
  37          void MatrixLEDWriteColumnly(unsigned char Byte, unsigned char Column)
  38          {
  39   1              writeBytes(Byte);
  40   1              P0 = ~(0x80>>Column);
  41   1      }
  42          
  43          void MatrixLEDWritePointOnly(unsigned char X, unsigned char Y)
  44          {
  45   1              unsigned char Byte;
  46   1              Byte = 0;
  47   1              SET_BIT(Byte, Y);
  48   1              writeBytes(Byte);
  49   1              P0 = ~(0x80>> X);
  50   1      }
  51          
  52          


C51 COMPILER V9.60.7.0   LEDMAT                                                            10/09/2023 21:48:15 PAGE 2   

MODULE INFORMATION:   STATIC OVERLAYABLE
   CODE SIZE        =    110    ----
   CONSTANT SIZE    =   ----    ----
   XDATA SIZE       =   ----    ----
   PDATA SIZE       =   ----    ----
   DATA SIZE        =   ----    ----
   IDATA SIZE       =   ----    ----
   BIT SIZE         =   ----    ----
END OF MODULE INFORMATION.


C51 COMPILATION COMPLETE.  0 WARNING(S),  0 ERROR(S)
