C51 COMPILER V9.60.7.0   MATKEY                                                            10/09/2023 21:48:16 PAGE 1   


C51 COMPILER V9.60.7.0, COMPILATION OF MODULE MATKEY
OBJECT MODULE PLACED IN .\Objects\MatKey.obj
COMPILER INVOKED BY: D:\Keil5\C51\BIN\C51.EXE MatKey.c OPTIMIZE(8,SPEED) BROWSE DEBUG OBJECTEXTEND PRINT(.\Listings\MatK
                    -ey.lst) OBJECT(.\Objects\MatKey.obj)

line level    source

   1          #include "MatKey.h"
   2          #include "Utilitys.h"
   3          #include "DigitalLED.h"
   4          
   5          static unsigned char curChoice;
   6          unsigned char CheckPulse()
   7          {
   8   1              unsigned int temp;
   9   1              P1 = 0x0f;
  10   1              temp = P1;                                              //若P3 = 1111 1110，就是扫描第一排
  11   1              temp = temp & 0x0f;     
  12   1              
  13   1              //检查是否有按键按下去了
  14   1              if(temp != 0x0f){
  15   2                      // BeepHigh;//若第一个按键按下去，则P3 = 11101110 此时temp = 1110000 != 0xf0;
  16   2                      
  17   2                      temp = P1;                                      //延时后重新赋值
  18   2                      temp = temp & 0x0f;
  19   2                      if(temp == 0x0e)
  20   2                      {
  21   3                              return 1;
  22   3                      }
  23   2                      return 0;
  24   2              }
  25   1              return 0;
  26   1      }
  27          
  28          unsigned char isExitMatKeyMenu()
  29          {
  30   1              unsigned int temp;
  31   1              P1 = 0x0f;
  32   1              temp = P1;                                              //若P3 = 1111 1110，就是扫描第一排
  33   1              temp = temp & 0xe0;     
  34   1              
  35   1              //检查是否有按键按下去了
  36   1              if(temp != 0xe0){
  37   2                      // BeepHigh;//若第一个按键按下去，则P3 = 11101110 此时temp = 1110000 != 0xf0;
  38   2                      
  39   2                      temp = P1;                                      //延时后重新赋值
  40   2                      temp = temp & 0x0f;
  41   2                      if(temp == 0x0e)
  42   2                      {
  43   3                              return 1;
  44   3                      }
  45   2                      return 0;
  46   2              }
  47   1              return 0;
  48   1      }
  49          
  50          void Pulse()
  51          {
  52   1              unsigned char state, stopState;
  53   1              state = 0;
  54   1              stopState = 1;
C51 COMPILER V9.60.7.0   MATKEY                                                            10/09/2023 21:48:16 PAGE 2   

  55   1              while(stopState)
  56   1              {
  57   2                      state = CheckPulse();
  58   2                      if(state == 1)
  59   2                      {
  60   3                              break;
  61   3                      }
  62   2              }
  63   1      }
  64          


MODULE INFORMATION:   STATIC OVERLAYABLE
   CODE SIZE        =     78    ----
   CONSTANT SIZE    =   ----    ----
   XDATA SIZE       =   ----    ----
   PDATA SIZE       =   ----    ----
   DATA SIZE        =      1    ----
   IDATA SIZE       =   ----    ----
   BIT SIZE         =   ----    ----
END OF MODULE INFORMATION.


C51 COMPILATION COMPLETE.  0 WARNING(S),  0 ERROR(S)
