C51 COMPILER V9.60.7.0   PLAYER                                                            10/09/2023 21:48:15 PAGE 1   


C51 COMPILER V9.60.7.0, COMPILATION OF MODULE PLAYER
OBJECT MODULE PLACED IN .\Objects\Player.obj
COMPILER INVOKED BY: D:\Keil5\C51\BIN\C51.EXE Player.c OPTIMIZE(8,SPEED) BROWSE DEBUG OBJECTEXTEND PRINT(.\Listings\Play
                    -er.lst) OBJECT(.\Objects\Player.obj)

line level    source

   1          #include "player.h"
   2          #include "Utilitys.h"
   3          void ShowPlayerPos(struct Player* player)
   4          {
   5   1              MatrixLEDWritePointOnly(player->posX, player->posY);
   6   1      }
   7          
   8          void moveUp(struct Player* player)
   9          {
  10   1              player->posY++;
  11   1              if(player->posY >= LED_MAX_COL)
  12   1                      player->posY = LED_MAX_COL - 1;
  13   1              BeepMedium;
  14   1      }
  15          void moveDown(struct Player* player)
  16          {
  17   1              player->posY--;
  18   1              if(player->posY < LED_MIN_COL)
  19   1                      player->posY = LED_MIN_COL;
  20   1              BeepMedium;
  21   1      }
  22          
  23          void moveLeft(struct Player* player)
  24          {
  25   1              player->posX--;
  26   1              if(player->posX < MIN_PLAYER_X)
  27   1                      player->posX = MIN_PLAYER_X;
  28   1              BeepMedium;
  29   1      }
  30          
  31          void moveRight(struct Player* player)
  32          {
  33   1              player->posX++;
  34   1              if(player->posX >= MAX_PLAYER_X)
  35   1                      player->posX = MAX_PLAYER_X;
  36   1              BeepMedium;
  37   1      }
  38          
  39          


MODULE INFORMATION:   STATIC OVERLAYABLE
   CODE SIZE        =    139    ----
   CONSTANT SIZE    =   ----    ----
   XDATA SIZE       =   ----    ----
   PDATA SIZE       =   ----    ----
   DATA SIZE        =   ----    ----
   IDATA SIZE       =   ----    ----
   BIT SIZE         =   ----    ----
END OF MODULE INFORMATION.


C51 COMPILATION COMPLETE.  0 WARNING(S),  0 ERROR(S)
