C51 COMPILER V9.60.7.0   UART                                                              10/09/2023 21:48:16 PAGE 1   


C51 COMPILER V9.60.7.0, COMPILATION OF MODULE UART
OBJECT MODULE PLACED IN .\Objects\UART.obj
COMPILER INVOKED BY: D:\Keil5\C51\BIN\C51.EXE UART.c OPTIMIZE(8,SPEED) BROWSE DEBUG OBJECTEXTEND PRINT(.\Listings\UART.l
                    -st) OBJECT(.\Objects\UART.obj)

line level    source

   1          #include "UART.h"
   2          
   3          void InitUART()
   4          {
   5   1      #if Enable_UCPT
   6   1              
   7   1              PCON &= 0x7F;           //波特率不倍速
   8   1              SCON = 0x50;            //8位数据,可变波特率
   9   1              TMOD &= 0x0F;           //设置定时器模式
  10   1              TMOD |= 0x20;           //设置定时器模式
  11   1              TL1 = 0xFA;                     //设置定时初始值
  12   1              TH1 = 0xFA;                     //设置定时重载值
  13   1              ET1 = 0;                        //禁止定时器中断
  14   1              TR1 = 1;                        //定时器1开始计时
  15   1              //开启中断
  16   1              EA=1;   //总中断控制
  17   1              ES=1;   //串口中断
  18   1      #endif
  19   1      }
  20          
  21          void UART_OperatePlayer(struct Player* player, Instruction Buf)
  22          {
  23   1      #if Enable_UCPT
  24   1              switch(Buf)
  25   1              {
  26   2                      case MOVE_UP:
  27   2                              moveUp(player);break;
  28   2                      case MOVE_DOWN:
  29   2                              moveDown(player);break;
  30   2                      case MOVE_LEFT:
  31   2                              moveLeft(player);break;
  32   2                      case MOVE_RIGHT:
  33   2                              moveRight(player);break;
  34   2                      default:break;
  35   2              }
  36   1      #endif
  37   1      }
  38          


MODULE INFORMATION:   STATIC OVERLAYABLE
   CODE SIZE        =     87    ----
   CONSTANT SIZE    =   ----    ----
   XDATA SIZE       =   ----    ----
   PDATA SIZE       =   ----    ----
   DATA SIZE        =      1       3
   IDATA SIZE       =   ----    ----
   BIT SIZE         =   ----    ----
END OF MODULE INFORMATION.


C51 COMPILATION COMPLETE.  0 WARNING(S),  0 ERROR(S)
